[2021-06-28 03:16:53,257] [PID 172] [MainThread] [dramatiq.MainProcess] [INFO] Dramatiq '1.3.0' is booting up.
[2021-06-28 03:16:53] - [DEBUG] - [dramatiq.middleware.time_limit.TimeLimit:70]  - Setting up timers...
[2021-06-28 03:16:53] - [DEBUG] - [dramatiq.worker._WorkerMiddleware:195]  - Adding consumer for queue 'default'.
[2021-06-28 03:16:53] - [DEBUG] - [dramatiq.worker.ConsumerThread(default):218]  - Running consumer thread...
[2021-06-28 03:16:53] - [DEBUG] - [dramatiq.worker._WorkerMiddleware:199]  - Adding consumer for delay queue 'default.DQ'.
[2021-06-28 03:16:53] - [DEBUG] - [dramatiq.worker.ConsumerThread(default.DQ):218]  - Running consumer thread...
[2021-06-28 03:16:53] - [DEBUG] - [dramatiq.worker.WorkerThread:365]  - Running worker thread...
[2021-06-28 03:16:53] - [DEBUG] - [dramatiq.worker.WorkerThread:365]  - Running worker thread...
[2021-06-28 03:16:53] - [DEBUG] - [dramatiq.worker.WorkerThread:365]  - Running worker thread...
[2021-06-28 03:16:53] - [INFO] - [dramatiq.WorkerProcess(0):277]  - Worker process is ready for action.
[2021-06-28 03:16:53] - [DEBUG] - [dramatiq.worker.WorkerThread:365]  - Running worker thread...
[2021-06-28 03:16:53] - [DEBUG] - [dramatiq.middleware.time_limit.TimeLimit:70]  - Setting up timers...
[2021-06-28 03:16:53] - [DEBUG] - [dramatiq.worker._WorkerMiddleware:195]  - Adding consumer for queue 'default'.
[2021-06-28 03:16:53] - [DEBUG] - [dramatiq.worker.ConsumerThread(default):218]  - Running consumer thread...
[2021-06-28 03:16:53] - [DEBUG] - [dramatiq.worker._WorkerMiddleware:199]  - Adding consumer for delay queue 'default.DQ'.
[2021-06-28 03:16:53] - [DEBUG] - [dramatiq.worker.ConsumerThread(default.DQ):218]  - Running consumer thread...
[2021-06-28 03:16:53] - [DEBUG] - [dramatiq.worker.WorkerThread:365]  - Running worker thread...
[2021-06-28 03:16:53] - [DEBUG] - [dramatiq.worker.WorkerThread:365]  - Running worker thread...
[2021-06-28 03:16:53] - [DEBUG] - [dramatiq.worker.WorkerThread:365]  - Running worker thread...
[2021-06-28 03:16:53] - [DEBUG] - [dramatiq.worker.WorkerThread:365]  - Running worker thread...
[2021-06-28 03:16:53] - [INFO] - [dramatiq.WorkerProcess(1):277]  - Worker process is ready for action.
[2021-06-28 04:01:57,442] [PID 155] [MainThread] [dramatiq.MainProcess] [INFO] Dramatiq '1.3.0' is booting up.
[2021-06-28 04:01:58] - [DEBUG] - [dramatiq.middleware.time_limit.TimeLimit:70]  - Setting up timers...
[2021-06-28 04:01:58] - [DEBUG] - [dramatiq.worker._WorkerMiddleware:195]  - Adding consumer for queue 'default'.
[2021-06-28 04:01:58] - [DEBUG] - [dramatiq.worker.ConsumerThread(default):218]  - Running consumer thread...
[2021-06-28 04:01:58] - [DEBUG] - [dramatiq.worker._WorkerMiddleware:199]  - Adding consumer for delay queue 'default.DQ'.
[2021-06-28 04:01:58] - [DEBUG] - [dramatiq.worker.ConsumerThread(default.DQ):218]  - Running consumer thread...
[2021-06-28 04:01:58] - [DEBUG] - [dramatiq.worker.WorkerThread:365]  - Running worker thread...
[2021-06-28 04:01:58] - [DEBUG] - [dramatiq.worker.WorkerThread:365]  - Running worker thread...
[2021-06-28 04:01:58] - [DEBUG] - [dramatiq.worker.WorkerThread:365]  - Running worker thread...
[2021-06-28 04:01:58] - [DEBUG] - [dramatiq.worker.WorkerThread:365]  - Running worker thread...
[2021-06-28 04:01:58] - [INFO] - [dramatiq.WorkerProcess(0):277]  - Worker process is ready for action.
[2021-06-28 04:01:58] - [DEBUG] - [dramatiq.middleware.time_limit.TimeLimit:70]  - Setting up timers...
[2021-06-28 04:01:58] - [DEBUG] - [dramatiq.worker._WorkerMiddleware:195]  - Adding consumer for queue 'default'.
[2021-06-28 04:01:58] - [DEBUG] - [dramatiq.worker.ConsumerThread(default):218]  - Running consumer thread...
[2021-06-28 04:01:58] - [DEBUG] - [dramatiq.worker._WorkerMiddleware:199]  - Adding consumer for delay queue 'default.DQ'.
[2021-06-28 04:01:58] - [DEBUG] - [dramatiq.worker.ConsumerThread(default.DQ):218]  - Running consumer thread...
[2021-06-28 04:01:58] - [DEBUG] - [dramatiq.worker.WorkerThread:365]  - Running worker thread...
[2021-06-28 04:01:58] - [DEBUG] - [dramatiq.worker.WorkerThread:365]  - Running worker thread...
[2021-06-28 04:01:58] - [DEBUG] - [dramatiq.worker.WorkerThread:365]  - Running worker thread...
[2021-06-28 04:01:58] - [DEBUG] - [dramatiq.worker.WorkerThread:365]  - Running worker thread...
[2021-06-28 04:01:58] - [INFO] - [dramatiq.WorkerProcess(1):277]  - Worker process is ready for action.
[2021-06-28 04:02:43,629] [PID 155] [MainThread] [dramatiq.MainProcess] [INFO] Sending 'SIGTERM' to worker processes...
[2021-06-28 04:02:43] - [INFO] - [dramatiq.WorkerProcess(0):271]  - Stopping worker process...
[2021-06-28 04:02:43] - [INFO] - [dramatiq.WorkerProcess(1):271]  - Stopping worker process...
[2021-06-28 04:02:44] - [INFO] - [dramatiq.worker.Worker:110]  - Shutting down...
[2021-06-28 04:02:44] - [DEBUG] - [dramatiq.worker.Worker:111]  - Stopping consumers and workers...
[2021-06-28 04:02:44] - [DEBUG] - [dramatiq.worker.WorkerThread:439]  - Stopping worker thread...
[2021-06-28 04:02:44] - [DEBUG] - [dramatiq.worker.WorkerThread:439]  - Stopping worker thread...
[2021-06-28 04:02:44] - [DEBUG] - [dramatiq.worker.WorkerThread:439]  - Stopping worker thread...
[2021-06-28 04:02:44] - [DEBUG] - [dramatiq.worker.WorkerThread:439]  - Stopping worker thread...
[2021-06-28 04:02:44] - [DEBUG] - [dramatiq.worker.ConsumerThread(default):327]  - Stopping consumer thread...
[2021-06-28 04:02:44] - [DEBUG] - [dramatiq.worker.ConsumerThread(default.DQ):327]  - Stopping consumer thread...
[2021-06-28 04:02:44] - [DEBUG] - [dramatiq.worker.WorkerThread:381]  - Worker thread stopped.
[2021-06-28 04:02:44] - [INFO] - [dramatiq.worker.Worker:110]  - Shutting down...
[2021-06-28 04:02:44] - [DEBUG] - [dramatiq.worker.Worker:111]  - Stopping consumers and workers...
[2021-06-28 04:02:44] - [DEBUG] - [dramatiq.worker.WorkerThread:439]  - Stopping worker thread...
[2021-06-28 04:02:44] - [DEBUG] - [dramatiq.worker.WorkerThread:439]  - Stopping worker thread...
[2021-06-28 04:02:44] - [DEBUG] - [dramatiq.worker.WorkerThread:439]  - Stopping worker thread...
[2021-06-28 04:02:44] - [DEBUG] - [dramatiq.worker.WorkerThread:439]  - Stopping worker thread...
[2021-06-28 04:02:44] - [DEBUG] - [dramatiq.worker.ConsumerThread(default):327]  - Stopping consumer thread...
[2021-06-28 04:02:44] - [DEBUG] - [dramatiq.worker.ConsumerThread(default.DQ):327]  - Stopping consumer thread...
[2021-06-28 04:02:44] - [DEBUG] - [dramatiq.worker.ConsumerThread(default.DQ):255]  - Consumer thread stopped.
[2021-06-28 04:02:44] - [DEBUG] - [dramatiq.worker.ConsumerThread(default):255]  - Consumer thread stopped.
[2021-06-28 04:02:45] - [DEBUG] - [dramatiq.worker.ConsumerThread(default.DQ):255]  - Consumer thread stopped.
[2021-06-28 04:02:45] - [DEBUG] - [dramatiq.worker.ConsumerThread(default):255]  - Consumer thread stopped.
[2021-06-28 04:02:45] - [DEBUG] - [dramatiq.worker.WorkerThread:381]  - Worker thread stopped.
[2021-06-28 04:02:45] - [DEBUG] - [dramatiq.worker.WorkerThread:381]  - Worker thread stopped.
[2021-06-28 04:02:45] - [DEBUG] - [dramatiq.worker.WorkerThread:381]  - Worker thread stopped.
[2021-06-28 04:02:45] - [DEBUG] - [dramatiq.worker.WorkerThread:381]  - Worker thread stopped.
[2021-06-28 04:02:45] - [DEBUG] - [dramatiq.worker.Worker:116]  - Consumers and workers stopped.
[2021-06-28 04:02:45] - [DEBUG] - [dramatiq.worker.Worker:118]  - Requeueing in-memory messages...
[2021-06-28 04:02:45] - [DEBUG] - [dramatiq.worker.Worker:128]  - Done requeueing in-progress messages.
[2021-06-28 04:02:45] - [DEBUG] - [dramatiq.worker.Worker:130]  - Closing consumers...
[2021-06-28 04:02:45] - [DEBUG] - [dramatiq.worker.Worker:134]  - Consumers closed.
[2021-06-28 04:02:45] - [INFO] - [dramatiq.worker.Worker:136]  - Worker has been shut down.
[2021-06-28 04:02:45] - [DEBUG] - [dramatiq.worker.WorkerThread:381]  - Worker thread stopped.
[2021-06-28 04:02:45] - [DEBUG] - [dramatiq.worker.WorkerThread:381]  - Worker thread stopped.
[2021-06-28 04:02:45] - [DEBUG] - [dramatiq.worker.WorkerThread:381]  - Worker thread stopped.
[2021-06-28 04:02:45] - [DEBUG] - [dramatiq.worker.Worker:116]  - Consumers and workers stopped.
[2021-06-28 04:02:45] - [DEBUG] - [dramatiq.worker.Worker:118]  - Requeueing in-memory messages...
[2021-06-28 04:02:45] - [DEBUG] - [dramatiq.worker.Worker:128]  - Done requeueing in-progress messages.
[2021-06-28 04:02:45] - [DEBUG] - [dramatiq.worker.Worker:130]  - Closing consumers...
[2021-06-28 04:02:45] - [DEBUG] - [dramatiq.worker.Worker:134]  - Consumers closed.
[2021-06-28 04:02:45] - [INFO] - [dramatiq.worker.Worker:136]  - Worker has been shut down.
